<?xml version="1.0" encoding="UTF-8"?>
<!-- Generated by org.testng.reporters.JUnitReportReporter -->
<testsuite hostname="Manoj-PC" name="in.edelweiss.testing.LoadTestMultipleTimes" tests="2" failures="0" timestamp="24 Oct 2020 09:26:06 GMT" time="79.755" errors="0">
  <testcase name="testGoogleSearch" time="43.424" classname="in.edelweiss.testing.LoadTestMultipleTimes"/>
  <testcase name="testGoogleSearch" time="36.331" classname="in.edelweiss.testing.LoadTestMultipleTimes"/>
</testsuite> <!-- in.edelweiss.testing.LoadTestMultipleTimes -->
