<?xml version="1.0" encoding="UTF-8"?>
<!-- Generated by org.testng.reporters.JUnitReportReporter -->
<testsuite hostname="Manoj-PC" name="in.edelweiss.testing.LoadTestMultipleTestPerThread" tests="10" failures="0" timestamp="24 Oct 2020 09:38:41 GMT" time="814.137" errors="0">
  <testcase name="testGoogleSearch" time="67.618" classname="in.edelweiss.testing.LoadTestMultipleTestPerThread"/>
  <testcase name="testGoogleSearch" time="71.655" classname="in.edelweiss.testing.LoadTestMultipleTestPerThread"/>
  <testcase name="testGoogleSearch" time="81.987" classname="in.edelweiss.testing.LoadTestMultipleTestPerThread"/>
  <testcase name="testGoogleSearch" time="90.149" classname="in.edelweiss.testing.LoadTestMultipleTestPerThread"/>
  <testcase name="testGoogleSearch" time="69.166" classname="in.edelweiss.testing.LoadTestMultipleTestPerThread"/>
  <testcase name="testGoogleSearch" time="86.650" classname="in.edelweiss.testing.LoadTestMultipleTestPerThread"/>
  <testcase name="testGoogleSearch" time="94.727" classname="in.edelweiss.testing.LoadTestMultipleTestPerThread"/>
  <testcase name="testGoogleSearch" time="107.440" classname="in.edelweiss.testing.LoadTestMultipleTestPerThread"/>
  <testcase name="testGoogleSearch" time="70.721" classname="in.edelweiss.testing.LoadTestMultipleTestPerThread"/>
  <testcase name="testGoogleSearch" time="74.024" classname="in.edelweiss.testing.LoadTestMultipleTestPerThread"/>
</testsuite> <!-- in.edelweiss.testing.LoadTestMultipleTestPerThread -->
